2016-10-29 15:04:05,586 [AWT-EventQueue-0] INFO  marytts.main Mary starting up...
2016-10-29 15:04:05,593 [AWT-EventQueue-0] INFO  marytts.main Specification version 5.2
2016-10-29 15:04:05,593 [AWT-EventQueue-0] INFO  marytts.main Implementation version unknown
2016-10-29 15:04:05,593 [AWT-EventQueue-0] INFO  marytts.main Running on a Java 1.8.0_101 implementation by Oracle Corporation, on a Mac OS X platform (x86_64, 10.11.6)
2016-10-29 15:04:05,806 [AWT-EventQueue-0] INFO  marytts.ModuleRegistry Now initiating mary module 'marytts.modules.Synthesis'
2016-10-29 15:04:05,813 [AWT-EventQueue-0] INFO  marytts.ModuleRegistry Now initiating mary module 'marytts.modules.TextToMaryXML'
2016-10-29 15:04:05,815 [AWT-EventQueue-0] INFO  marytts.ModuleRegistry Now initiating mary module 'marytts.modules.SableParser'
2016-10-29 15:04:05,816 [AWT-EventQueue-0] INFO  marytts.ModuleRegistry Now initiating mary module 'marytts.modules.SSMLParser'
2016-10-29 15:04:05,817 [AWT-EventQueue-0] INFO  marytts.ModuleRegistry Now initiating mary module 'marytts.modules.APMLParser'
2016-10-29 15:04:05,818 [AWT-EventQueue-0] INFO  marytts.ModuleRegistry Now initiating mary module 'marytts.modules.EmotionmlParser'
2016-10-29 15:04:05,819 [AWT-EventQueue-0] INFO  marytts.ModuleRegistry Now initiating mary module 'marytts.modules.JTokeniser'
2016-10-29 15:04:05,821 [AWT-EventQueue-0] INFO  marytts.ModuleRegistry Now initiating mary module 'marytts.modules.DummyTokens2Words'
2016-10-29 15:04:05,821 [AWT-EventQueue-0] INFO  marytts.ModuleRegistry Now initiating mary module 'marytts.modules.ProsodyGeneric'
2016-10-29 15:04:05,825 [AWT-EventQueue-0] INFO  marytts.ModuleRegistry Now initiating mary module 'marytts.modules.PronunciationModel'
2016-10-29 15:04:05,827 [AWT-EventQueue-0] INFO  marytts.ModuleRegistry Now initiating mary module 'marytts.modules.TargetFeatureLister'
2016-10-29 15:04:05,831 [AWT-EventQueue-0] INFO  marytts.ModuleRegistry Now initiating mary module 'marytts.modules.HalfPhoneTargetFeatureLister'
2016-10-29 15:04:05,832 [AWT-EventQueue-0] INFO  marytts.ModuleRegistry Now initiating mary module 'marytts.modules.AcousticModeller'
2016-10-29 15:04:05,833 [AWT-EventQueue-0] INFO  marytts.ModuleRegistry Now initiating mary module 'marytts.modules.RealisedAcoustparamsExtractor'
2016-10-29 15:04:05,834 [AWT-EventQueue-0] INFO  marytts.ModuleRegistry Now initiating mary module 'marytts.modules.RealisedDurationsExtractor'
2016-10-29 15:04:05,834 [AWT-EventQueue-0] INFO  marytts.ModuleRegistry Now initiating mary module 'marytts.modules.HTSEngine'
2016-10-29 15:04:05,836 [AWT-EventQueue-0] INFO  marytts.ModuleRegistry Now initiating mary module 'marytts.modules.PraatTextGridGenerator'
2016-10-29 15:04:05,837 [AWT-EventQueue-0] INFO  marytts.ModuleRegistry Now initiating mary module 'marytts.language.en.JTokeniser'
2016-10-29 15:04:05,838 [AWT-EventQueue-0] INFO  marytts.ModuleRegistry Now initiating mary module 'marytts.language.en.Preprocess'
2016-10-29 15:04:06,063 [AWT-EventQueue-0] INFO  marytts.ModuleRegistry Now initiating mary module 'marytts.modules.JPhonemiser(en_US.)'
2016-10-29 15:04:06,065 [AWT-EventQueue-0] INFO  marytts.JPhonemiser User dictionary './user-dictionaries/userdict-en_US.txt' for locale 'en_US' does not exist. Ignoring.
2016-10-29 15:04:06,134 [AWT-EventQueue-0] INFO  marytts.ModuleRegistry Now initiating mary module 'marytts.modules.JPhonemiser(en_GB.)'
2016-10-29 15:04:06,134 [AWT-EventQueue-0] INFO  marytts.JPhonemiser User dictionary './user-dictionaries/userdict-en_GB.txt' for locale 'en_GB' does not exist. Ignoring.
2016-10-29 15:04:06,182 [AWT-EventQueue-0] INFO  marytts.ModuleRegistry Now initiating mary module 'marytts.language.en.Prosody'
2016-10-29 15:04:06,183 [AWT-EventQueue-0] INFO  marytts.ModuleRegistry Now initiating mary module 'marytts.modules.SimplePhoneme2AP(en_US)'
2016-10-29 15:04:06,185 [AWT-EventQueue-0] INFO  marytts.ModuleRegistry Now initiating mary module 'marytts.language.en.PronunciationModel'
2016-10-29 15:04:06,185 [AWT-EventQueue-0] INFO  marytts.ModuleRegistry Now initiating mary module 'marytts.modules.OpenNLPPosTagger(en,en.pos)'
2016-10-29 15:04:06,195 [AWT-EventQueue-0] INFO  marytts.UnitSelectionSynthesizer started.
2016-10-29 15:04:06,197 [AWT-EventQueue-0] INFO  marytts.TargetFeatureLister Module started (ACOUSTPARAMS->TARGETFEATURES, locale null).
2016-10-29 15:04:06,197 [AWT-EventQueue-0] INFO  marytts.HTSEngine Module started (TARGETFEATURES->AUDIO, locale null).
2016-10-29 15:04:06,243 [AWT-EventQueue-0] INFO  marytts.HMMData Loading Tree Set in CARTs:
2016-10-29 15:04:06,404 [AWT-EventQueue-0] INFO  marytts.HMMData Loading GV Model Set:
2016-10-29 15:04:06,585 [AWT-EventQueue-0] INFO  marytts.Voice Registering voice `cmu-slt-hsmm': female, locale en_US
2016-10-29 15:04:06,585 [AWT-EventQueue-0] INFO  marytts.Voice New default voice for locale en_US: cmu-slt-hsmm (desire 0)
2016-10-29 15:04:06,602 [AWT-EventQueue-0] INFO  marytts.HMMData Loading Tree Set in CARTs:
2016-10-29 15:04:06,675 [AWT-EventQueue-0] INFO  marytts.HMMData Loading GV Model Set:
2016-10-29 15:04:06,876 [AWT-EventQueue-0] INFO  marytts.Voice Registering voice `dfki-poppy-hsmm': female, locale en_GB
2016-10-29 15:04:06,876 [AWT-EventQueue-0] INFO  marytts.Voice New default voice for locale en_GB: dfki-poppy-hsmm (desire 0)
2016-10-29 15:04:06,881 [AWT-EventQueue-0] INFO  marytts.HMMData Loading Tree Set in CARTs:
2016-10-29 15:04:06,980 [AWT-EventQueue-0] INFO  marytts.HMMData Loading GV Model Set:
2016-10-29 15:04:07,178 [AWT-EventQueue-0] INFO  marytts.Voice Registering voice `dfki-prudence-hsmm': female, locale en_GB
2016-10-29 15:04:07,180 [AWT-EventQueue-0] INFO  marytts.HMMData Loading Tree Set in CARTs:
2016-10-29 15:04:07,220 [AWT-EventQueue-0] INFO  marytts.HMMData Loading GV Model Set:
2016-10-29 15:04:07,348 [AWT-EventQueue-0] INFO  marytts.Voice Registering voice `cmu-rms-hsmm': male, locale en_US
2016-10-29 15:04:07,349 [AWT-EventQueue-0] INFO  marytts.HMMSynthesizer started.
2016-10-29 15:04:07,349 [AWT-EventQueue-0] INFO  marytts.Synthesis Module started (ACOUSTPARAMS->AUDIO, locale null).
2016-10-29 15:04:07,349 [AWT-EventQueue-0] INFO  marytts.HMMSynthesizer Starting power-on self test.
2016-10-29 15:04:07,353 [AWT-EventQueue-0] INFO  marytts.HMMSynthesizer Power-on self test complete.
2016-10-29 15:04:07,354 [AWT-EventQueue-0] INFO  marytts.TextToMaryXML Module started (TEXT->RAWMARYXML, locale null).
2016-10-29 15:04:07,354 [AWT-EventQueue-0] INFO  marytts.TextToMaryXML Starting power-on self test.
2016-10-29 15:04:07,363 [AWT-EventQueue-0] WARN  marytts.TextToMaryXML Locale is null, overriding with en_US
2016-10-29 15:04:07,364 [AWT-EventQueue-0] WARN  marytts.TextToMaryXML Locale is null, overriding with en_US
2016-10-29 15:04:07,364 [AWT-EventQueue-0] INFO  marytts.TextToMaryXML Power-on self test complete.
2016-10-29 15:04:07,713 [AWT-EventQueue-0] INFO  marytts.SableParser Module started (SABLE->RAWMARYXML, locale null).
2016-10-29 15:04:07,713 [AWT-EventQueue-0] INFO  marytts.SableParser Starting power-on self test.
2016-10-29 15:04:07,713 [AWT-EventQueue-0] INFO  marytts.SableParser Power-on self test complete.
2016-10-29 15:04:07,798 [AWT-EventQueue-0] INFO  marytts.SSMLParser Module started (SSML->RAWMARYXML, locale null).
2016-10-29 15:04:07,798 [AWT-EventQueue-0] INFO  marytts.SSMLParser Starting power-on self test.
2016-10-29 15:04:07,799 [AWT-EventQueue-0] INFO  marytts.SSMLParser Power-on self test complete.
2016-10-29 15:04:07,917 [AWT-EventQueue-0] INFO  marytts.APMLParser Module started (APML->RAWMARYXML, locale null).
2016-10-29 15:04:07,917 [AWT-EventQueue-0] INFO  marytts.APMLParser Starting power-on self test.
2016-10-29 15:04:07,917 [AWT-EventQueue-0] INFO  marytts.APMLParser Power-on self test complete.
2016-10-29 15:04:07,975 [AWT-EventQueue-0] INFO  marytts.EmotionmlParser Module started (EMOTIONML->RAWMARYXML, locale null).
2016-10-29 15:04:07,975 [AWT-EventQueue-0] INFO  marytts.EmotionmlParser Starting power-on self test.
2016-10-29 15:04:07,975 [AWT-EventQueue-0] INFO  marytts.EmotionmlParser Power-on self test complete.
2016-10-29 15:04:07,975 [AWT-EventQueue-0] INFO  marytts.JTokeniser Module started (RAWMARYXML->TOKENS, locale null).
2016-10-29 15:04:08,035 [AWT-EventQueue-0] INFO  marytts.JTokeniser Starting power-on self test.
2016-10-29 15:04:08,035 [AWT-EventQueue-0] INFO  marytts.JTokeniser Power-on self test complete.
2016-10-29 15:04:08,035 [AWT-EventQueue-0] INFO  marytts.DummyTokens2Words Module started (TOKENS->WORDS, locale null).
2016-10-29 15:04:08,035 [AWT-EventQueue-0] INFO  marytts.DummyTokens2Words Starting power-on self test.
2016-10-29 15:04:08,035 [AWT-EventQueue-0] INFO  marytts.DummyTokens2Words Power-on self test complete.
2016-10-29 15:04:08,044 [AWT-EventQueue-0] INFO  marytts.Prosody Module started (PHONEMES->INTONATION, locale null).
2016-10-29 15:04:08,044 [AWT-EventQueue-0] INFO  marytts.Prosody Starting power-on self test.
2016-10-29 15:04:08,044 [AWT-EventQueue-0] INFO  marytts.Prosody Power-on self test complete.
2016-10-29 15:04:08,044 [AWT-EventQueue-0] INFO  marytts.PronunciationModel Module started (INTONATION->ALLOPHONES, locale null).
2016-10-29 15:04:08,045 [AWT-EventQueue-0] INFO  marytts.PronunciationModel Starting power-on self test.
2016-10-29 15:04:08,045 [AWT-EventQueue-0] INFO  marytts.PronunciationModel Power-on self test complete.
2016-10-29 15:04:08,045 [AWT-EventQueue-0] INFO  marytts.TargetFeatureLister Starting power-on self test.
2016-10-29 15:04:08,045 [AWT-EventQueue-0] INFO  marytts.TargetFeatureLister Power-on self test complete.
2016-10-29 15:04:08,045 [AWT-EventQueue-0] INFO  marytts.TargetFeatureLister Module started (ACOUSTPARAMS->HALFPHONE_TARGETFEATURES, locale null).
2016-10-29 15:04:08,045 [AWT-EventQueue-0] INFO  marytts.TargetFeatureLister Starting power-on self test.
2016-10-29 15:04:08,046 [AWT-EventQueue-0] INFO  marytts.TargetFeatureLister Power-on self test complete.
2016-10-29 15:04:08,046 [AWT-EventQueue-0] INFO  marytts.AcousticModeller Module started (ALLOPHONES->ACOUSTPARAMS, locale null).
2016-10-29 15:04:08,046 [AWT-EventQueue-0] INFO  marytts.AcousticModeller Starting power-on self test.
2016-10-29 15:04:08,046 [AWT-EventQueue-0] INFO  marytts.AcousticModeller Power-on self test complete.
2016-10-29 15:04:08,046 [AWT-EventQueue-0] INFO  marytts.Realised acoustparams extractor Module started (AUDIO->REALISED_ACOUSTPARAMS, locale null).
2016-10-29 15:04:08,046 [AWT-EventQueue-0] INFO  marytts.Realised acoustparams extractor Starting power-on self test.
2016-10-29 15:04:08,046 [AWT-EventQueue-0] INFO  marytts.Realised acoustparams extractor Power-on self test complete.
2016-10-29 15:04:08,046 [AWT-EventQueue-0] INFO  marytts.Realised durations extractor Module started (AUDIO->REALISED_DURATIONS, locale null).
2016-10-29 15:04:08,046 [AWT-EventQueue-0] INFO  marytts.Realised durations extractor Starting power-on self test.
2016-10-29 15:04:08,046 [AWT-EventQueue-0] INFO  marytts.Realised durations extractor Power-on self test complete.
2016-10-29 15:04:08,046 [AWT-EventQueue-0] INFO  marytts.Praat TextGrid generator Module started (REALISED_ACOUSTPARAMS->PRAAT_TEXTGRID, locale null).
2016-10-29 15:04:08,047 [AWT-EventQueue-0] INFO  marytts.Praat TextGrid generator Starting power-on self test.
2016-10-29 15:04:08,047 [AWT-EventQueue-0] INFO  marytts.Praat TextGrid generator Power-on self test complete.
2016-10-29 15:04:08,047 [AWT-EventQueue-0] INFO  marytts.JTokeniser Module started (RAWMARYXML->TOKENS, locale en).
2016-10-29 15:04:08,081 [AWT-EventQueue-0] INFO  marytts.JTokeniser Starting power-on self test.
2016-10-29 15:04:08,081 [AWT-EventQueue-0] INFO  marytts.JTokeniser Power-on self test complete.
2016-10-29 15:04:08,081 [AWT-EventQueue-0] INFO  marytts.Preprocess Module started (TOKENS->WORDS, locale en).
2016-10-29 15:04:08,081 [AWT-EventQueue-0] INFO  marytts.Preprocess Starting power-on self test.
2016-10-29 15:04:08,081 [AWT-EventQueue-0] INFO  marytts.Preprocess Power-on self test complete.
2016-10-29 15:04:08,081 [AWT-EventQueue-0] INFO  marytts.JPhonemiser Module started (PARTSOFSPEECH->PHONEMES, locale en_US).
2016-10-29 15:04:08,095 [AWT-EventQueue-0] INFO  marytts.JPhonemiser Starting power-on self test.
2016-10-29 15:04:08,095 [AWT-EventQueue-0] INFO  marytts.JPhonemiser Power-on self test complete.
2016-10-29 15:04:08,095 [AWT-EventQueue-0] INFO  marytts.JPhonemiser Module started (PARTSOFSPEECH->PHONEMES, locale en_GB).
2016-10-29 15:04:08,095 [AWT-EventQueue-0] INFO  marytts.JPhonemiser Starting power-on self test.
2016-10-29 15:04:08,096 [AWT-EventQueue-0] INFO  marytts.JPhonemiser Power-on self test complete.
2016-10-29 15:04:08,103 [AWT-EventQueue-0] INFO  marytts.Prosody Module started (PHONEMES->INTONATION, locale en).
2016-10-29 15:04:08,104 [AWT-EventQueue-0] INFO  marytts.Prosody Starting power-on self test.
2016-10-29 15:04:08,104 [AWT-EventQueue-0] INFO  marytts.Prosody Power-on self test complete.
2016-10-29 15:04:08,105 [AWT-EventQueue-0] INFO  marytts.SimplePhoneme2AP Module started (SIMPLEPHONEMES->ACOUSTPARAMS, locale en_US).
2016-10-29 15:04:08,105 [AWT-EventQueue-0] INFO  marytts.SimplePhoneme2AP Starting power-on self test.
2016-10-29 15:04:08,112 [AWT-EventQueue-0] INFO  marytts.SimplePhoneme2AP Power-on self test complete.
2016-10-29 15:04:08,113 [AWT-EventQueue-0] INFO  marytts.PronunciationModel Module started (INTONATION->ALLOPHONES, locale en).
2016-10-29 15:04:08,113 [AWT-EventQueue-0] INFO  marytts.PronunciationModel Starting power-on self test.
2016-10-29 15:04:08,113 [AWT-EventQueue-0] INFO  marytts.PronunciationModel Power-on self test complete.
2016-10-29 15:04:08,113 [AWT-EventQueue-0] INFO  marytts.OpenNLPPosTagger Module started (WORDS->PARTSOFSPEECH, locale en).
2016-10-29 15:04:09,439 [AWT-EventQueue-0] INFO  marytts.OpenNLPPosTagger Starting power-on self test.
2016-10-29 15:04:09,439 [AWT-EventQueue-0] INFO  marytts.OpenNLPPosTagger Power-on self test complete.
2016-10-29 15:04:09,440 [AWT-EventQueue-0] INFO  marytts.main Startup complete.
2016-10-29 15:04:21,760 [AWT-EventQueue-0] INFO  marytts.R 1 New request (input type "TEXT", output type "AUDIO", voice "cmu-slt-hsmm", audio "WAVE")
2016-10-29 15:04:21,761 [AWT-EventQueue-0] INFO  marytts.R 1 Handling request using the following modules:
2016-10-29 15:04:21,761 [AWT-EventQueue-0] INFO  marytts.R 1 - TextToMaryXML (marytts.modules.TextToMaryXML)
2016-10-29 15:04:21,761 [AWT-EventQueue-0] INFO  marytts.R 1 Next module: TextToMaryXML
2016-10-29 15:04:21,763 [AWT-EventQueue-0] INFO  marytts.R 1 Handling request using the following modules:
2016-10-29 15:04:21,763 [AWT-EventQueue-0] INFO  marytts.R 1 - JTokeniser (marytts.language.en.JTokeniser)
2016-10-29 15:04:21,763 [AWT-EventQueue-0] INFO  marytts.R 1 - Preprocess (marytts.language.en.Preprocess)
2016-10-29 15:04:21,764 [AWT-EventQueue-0] INFO  marytts.R 1 - OpenNLPPosTagger (marytts.modules.OpenNLPPosTagger)
2016-10-29 15:04:21,764 [AWT-EventQueue-0] INFO  marytts.R 1 - JPhonemiser (marytts.modules.JPhonemiser)
2016-10-29 15:04:21,764 [AWT-EventQueue-0] INFO  marytts.R 1 - Prosody (marytts.language.en.Prosody)
2016-10-29 15:04:21,764 [AWT-EventQueue-0] INFO  marytts.R 1 - PronunciationModel (marytts.language.en.PronunciationModel)
2016-10-29 15:04:21,764 [AWT-EventQueue-0] INFO  marytts.R 1 - AcousticModeller (marytts.modules.AcousticModeller)
2016-10-29 15:04:21,764 [AWT-EventQueue-0] INFO  marytts.R 1 - Synthesis (marytts.modules.Synthesis)
2016-10-29 15:04:21,764 [AWT-EventQueue-0] INFO  marytts.R 1 Next module: JTokeniser
2016-10-29 15:04:21,778 [AWT-EventQueue-0] INFO  marytts.R 1 Next module: Preprocess
2016-10-29 15:04:21,833 [AWT-EventQueue-0] INFO  marytts.R 1 Next module: OpenNLPPosTagger
2016-10-29 15:04:21,870 [AWT-EventQueue-0] INFO  marytts.R 1 Next module: JPhonemiser
2016-10-29 15:04:21,906 [AWT-EventQueue-0] INFO  marytts.R 1 Next module: Prosody
2016-10-29 15:04:21,980 [AWT-EventQueue-0] INFO  marytts.R 1 Next module: PronunciationModel
2016-10-29 15:04:21,996 [AWT-EventQueue-0] INFO  marytts.R 1 Next module: AcousticModeller
2016-10-29 15:04:22,307 [AWT-EventQueue-0] INFO  marytts.ParameterGeneration Parameter generation for LF0: 
2016-10-29 15:04:22,308 [AWT-EventQueue-0] INFO  marytts.PStream Context-dependent global variance optimization: gvLength = 5656
2016-10-29 15:04:22,412 [AWT-EventQueue-0] INFO  marytts.PStream Gradient GV optimization for feature: (0)  number of iterations=55
2016-10-29 15:04:22,492 [AWT-EventQueue-0] INFO  marytts.R 1 Next module: Synthesis
2016-10-29 15:04:22,522 [AWT-EventQueue-0] INFO  marytts.HMMSynthesizer Synthesizing one sentence.
2016-10-29 15:04:22,524 [AWT-EventQueue-0] INFO  marytts.HTSEngine Using prosody from acoustparams.
2016-10-29 15:04:22,528 [AWT-EventQueue-0] INFO  marytts.HTSEngine Number of models in sentence numModel=72  Total number of states numState=360
2016-10-29 15:04:22,528 [AWT-EventQueue-0] INFO  marytts.HTSEngine Total number of frames=1340  Number of voiced frames=760
2016-10-29 15:04:22,542 [AWT-EventQueue-0] INFO  marytts.ParameterGeneration Parameter generation for MGC: 
2016-10-29 15:04:22,543 [AWT-EventQueue-0] INFO  marytts.PStream Context-dependent global variance optimization: gvLength = 1101
2016-10-29 15:04:22,562 [AWT-EventQueue-0] INFO  marytts.PStream    optimization stopped by reaching max number of iterations (no global variance applied)
2016-10-29 15:04:22,562 [AWT-EventQueue-0] INFO  marytts.PStream Gradient GV optimization for feature: (0)  number of iterations=101
2016-10-29 15:04:22,566 [AWT-EventQueue-0] INFO  marytts.PStream Gradient GV optimization for feature: (1)  number of iterations=2
2016-10-29 15:04:22,575 [AWT-EventQueue-0] INFO  marytts.PStream Gradient GV optimization for feature: (2)  number of iterations=6
2016-10-29 15:04:22,579 [AWT-EventQueue-0] INFO  marytts.PStream Gradient GV optimization for feature: (3)  number of iterations=5
2016-10-29 15:04:22,583 [AWT-EventQueue-0] INFO  marytts.PStream Gradient GV optimization for feature: (4)  number of iterations=2
2016-10-29 15:04:22,588 [AWT-EventQueue-0] INFO  marytts.PStream Gradient GV optimization for feature: (5)  number of iterations=2
2016-10-29 15:04:22,596 [AWT-EventQueue-0] INFO  marytts.PStream Gradient GV optimization for feature: (6)  number of iterations=22
2016-10-29 15:04:22,609 [AWT-EventQueue-0] INFO  marytts.PStream Gradient GV optimization for feature: (7)  number of iterations=21
2016-10-29 15:04:22,615 [AWT-EventQueue-0] INFO  marytts.PStream Gradient GV optimization for feature: (8)  number of iterations=18
2016-10-29 15:04:22,622 [AWT-EventQueue-0] INFO  marytts.PStream Gradient GV optimization for feature: (9)  number of iterations=21
2016-10-29 15:04:22,626 [AWT-EventQueue-0] INFO  marytts.PStream Gradient GV optimization for feature: (10)  number of iterations=18
2016-10-29 15:04:22,632 [AWT-EventQueue-0] INFO  marytts.PStream Gradient GV optimization for feature: (11)  number of iterations=17
2016-10-29 15:04:22,638 [AWT-EventQueue-0] INFO  marytts.PStream Gradient GV optimization for feature: (12)  number of iterations=17
2016-10-29 15:04:22,646 [AWT-EventQueue-0] INFO  marytts.PStream Gradient GV optimization for feature: (13)  number of iterations=20
2016-10-29 15:04:22,651 [AWT-EventQueue-0] INFO  marytts.PStream Gradient GV optimization for feature: (14)  number of iterations=19
2016-10-29 15:04:22,656 [AWT-EventQueue-0] INFO  marytts.PStream Gradient GV optimization for feature: (15)  number of iterations=18
2016-10-29 15:04:22,661 [AWT-EventQueue-0] INFO  marytts.PStream Gradient GV optimization for feature: (16)  number of iterations=18
2016-10-29 15:04:22,668 [AWT-EventQueue-0] INFO  marytts.PStream Gradient GV optimization for feature: (17)  number of iterations=20
2016-10-29 15:04:22,675 [AWT-EventQueue-0] INFO  marytts.PStream Gradient GV optimization for feature: (18)  number of iterations=17
2016-10-29 15:04:22,679 [AWT-EventQueue-0] INFO  marytts.PStream Gradient GV optimization for feature: (19)  number of iterations=16
2016-10-29 15:04:22,684 [AWT-EventQueue-0] INFO  marytts.PStream Gradient GV optimization for feature: (20)  number of iterations=15
2016-10-29 15:04:22,691 [AWT-EventQueue-0] INFO  marytts.PStream Gradient GV optimization for feature: (21)  number of iterations=17
2016-10-29 15:04:22,696 [AWT-EventQueue-0] INFO  marytts.PStream Gradient GV optimization for feature: (22)  number of iterations=20
2016-10-29 15:04:22,701 [AWT-EventQueue-0] INFO  marytts.PStream Gradient GV optimization for feature: (23)  number of iterations=14
2016-10-29 15:04:22,706 [AWT-EventQueue-0] INFO  marytts.PStream Gradient GV optimization for feature: (24)  number of iterations=10
2016-10-29 15:04:22,710 [AWT-EventQueue-0] INFO  marytts.PStream Gradient GV optimization for feature: (25)  number of iterations=12
2016-10-29 15:04:22,716 [AWT-EventQueue-0] INFO  marytts.PStream Gradient GV optimization for feature: (26)  number of iterations=12
2016-10-29 15:04:22,723 [AWT-EventQueue-0] INFO  marytts.PStream Gradient GV optimization for feature: (27)  number of iterations=13
2016-10-29 15:04:22,730 [AWT-EventQueue-0] INFO  marytts.PStream Gradient GV optimization for feature: (28)  number of iterations=17
2016-10-29 15:04:22,737 [AWT-EventQueue-0] INFO  marytts.PStream Gradient GV optimization for feature: (29)  number of iterations=16
2016-10-29 15:04:22,742 [AWT-EventQueue-0] INFO  marytts.PStream Gradient GV optimization for feature: (30)  number of iterations=13
2016-10-29 15:04:22,747 [AWT-EventQueue-0] INFO  marytts.PStream Gradient GV optimization for feature: (31)  number of iterations=13
2016-10-29 15:04:22,750 [AWT-EventQueue-0] INFO  marytts.PStream Gradient GV optimization for feature: (32)  number of iterations=8
2016-10-29 15:04:22,753 [AWT-EventQueue-0] INFO  marytts.PStream Gradient GV optimization for feature: (33)  number of iterations=8
2016-10-29 15:04:22,758 [AWT-EventQueue-0] INFO  marytts.PStream Gradient GV optimization for feature: (34)  number of iterations=13
2016-10-29 15:04:22,758 [AWT-EventQueue-0] INFO  marytts.ParameterGeneration Using f0 from maryXML acoustparams
2016-10-29 15:04:22,769 [AWT-EventQueue-0] INFO  marytts.PStream Context-dependent global variance optimization: gvLength = 1101
2016-10-29 15:04:22,787 [AWT-EventQueue-0] INFO  marytts.PStream    optimization stopped by reaching max number of iterations (no global variance applied)
2016-10-29 15:04:22,787 [AWT-EventQueue-0] INFO  marytts.PStream Gradient GV optimization for feature: (0)  number of iterations=101
2016-10-29 15:04:22,791 [AWT-EventQueue-0] INFO  marytts.PStream Gradient GV optimization for feature: (1)  number of iterations=16
2016-10-29 15:04:22,797 [AWT-EventQueue-0] INFO  marytts.PStream Gradient GV optimization for feature: (2)  number of iterations=14
2016-10-29 15:04:22,803 [AWT-EventQueue-0] INFO  marytts.PStream Gradient GV optimization for feature: (3)  number of iterations=18
2016-10-29 15:04:22,806 [AWT-EventQueue-0] INFO  marytts.PStream Gradient GV optimization for feature: (4)  number of iterations=12
2016-10-29 15:04:22,821 [AWT-EventQueue-0] INFO  marytts.HMMSynthesizer Synthesizing one sentence.
2016-10-29 15:04:22,824 [AWT-EventQueue-0] INFO  marytts.HTSEngine Using prosody from acoustparams.
2016-10-29 15:04:22,829 [AWT-EventQueue-0] INFO  marytts.HTSEngine Number of models in sentence numModel=102  Total number of states numState=510
2016-10-29 15:04:22,829 [AWT-EventQueue-0] INFO  marytts.HTSEngine Total number of frames=1809  Number of voiced frames=1112
2016-10-29 15:04:22,838 [AWT-EventQueue-0] INFO  marytts.ParameterGeneration Parameter generation for MGC: 
2016-10-29 15:04:22,839 [AWT-EventQueue-0] INFO  marytts.PStream Context-dependent global variance optimization: gvLength = 1569
2016-10-29 15:04:22,862 [AWT-EventQueue-0] INFO  marytts.PStream Gradient GV optimization for feature: (0)  number of iterations=69
2016-10-29 15:04:22,865 [AWT-EventQueue-0] INFO  marytts.PStream Gradient GV optimization for feature: (1)  number of iterations=2
2016-10-29 15:04:22,870 [AWT-EventQueue-0] INFO  marytts.PStream Gradient GV optimization for feature: (2)  number of iterations=23
2016-10-29 15:04:22,877 [AWT-EventQueue-0] INFO  marytts.PStream Gradient GV optimization for feature: (3)  number of iterations=22
2016-10-29 15:04:22,880 [AWT-EventQueue-0] INFO  marytts.PStream Gradient GV optimization for feature: (4)  number of iterations=4
2016-10-29 15:04:22,883 [AWT-EventQueue-0] INFO  marytts.PStream Gradient GV optimization for feature: (5)  number of iterations=2
2016-10-29 15:04:22,886 [AWT-EventQueue-0] INFO  marytts.PStream Gradient GV optimization for feature: (6)  number of iterations=3
2016-10-29 15:04:22,898 [AWT-EventQueue-0] INFO  marytts.PStream Gradient GV optimization for feature: (7)  number of iterations=21
2016-10-29 15:04:22,903 [AWT-EventQueue-0] INFO  marytts.PStream Gradient GV optimization for feature: (8)  number of iterations=5
2016-10-29 15:04:22,911 [AWT-EventQueue-0] INFO  marytts.PStream Gradient GV optimization for feature: (9)  number of iterations=21
2016-10-29 15:04:22,918 [AWT-EventQueue-0] INFO  marytts.PStream Gradient GV optimization for feature: (10)  number of iterations=18
2016-10-29 15:04:22,925 [AWT-EventQueue-0] INFO  marytts.PStream Gradient GV optimization for feature: (11)  number of iterations=18
2016-10-29 15:04:22,930 [AWT-EventQueue-0] INFO  marytts.PStream Gradient GV optimization for feature: (12)  number of iterations=19
2016-10-29 15:04:22,936 [AWT-EventQueue-0] INFO  marytts.PStream Gradient GV optimization for feature: (13)  number of iterations=20
2016-10-29 15:04:22,945 [AWT-EventQueue-0] INFO  marytts.PStream Gradient GV optimization for feature: (14)  number of iterations=21
2016-10-29 15:04:22,950 [AWT-EventQueue-0] INFO  marytts.PStream Gradient GV optimization for feature: (15)  number of iterations=16
2016-10-29 15:04:22,956 [AWT-EventQueue-0] INFO  marytts.PStream Gradient GV optimization for feature: (16)  number of iterations=19
2016-10-29 15:04:22,962 [AWT-EventQueue-0] INFO  marytts.PStream Gradient GV optimization for feature: (17)  number of iterations=18
2016-10-29 15:04:22,971 [AWT-EventQueue-0] INFO  marytts.PStream Gradient GV optimization for feature: (18)  number of iterations=23
2016-10-29 15:04:22,975 [AWT-EventQueue-0] INFO  marytts.PStream Gradient GV optimization for feature: (19)  number of iterations=11
2016-10-29 15:04:22,981 [AWT-EventQueue-0] INFO  marytts.PStream Gradient GV optimization for feature: (20)  number of iterations=15
2016-10-29 15:04:22,988 [AWT-EventQueue-0] INFO  marytts.PStream Gradient GV optimization for feature: (21)  number of iterations=17
2016-10-29 15:04:22,993 [AWT-EventQueue-0] INFO  marytts.PStream Gradient GV optimization for feature: (22)  number of iterations=19
2016-10-29 15:04:22,997 [AWT-EventQueue-0] INFO  marytts.PStream Gradient GV optimization for feature: (23)  number of iterations=14
2016-10-29 15:04:23,000 [AWT-EventQueue-0] INFO  marytts.PStream Gradient GV optimization for feature: (24)  number of iterations=10
2016-10-29 15:04:23,005 [AWT-EventQueue-0] INFO  marytts.PStream Gradient GV optimization for feature: (25)  number of iterations=12
2016-10-29 15:04:23,009 [AWT-EventQueue-0] INFO  marytts.PStream Gradient GV optimization for feature: (26)  number of iterations=12
2016-10-29 15:04:23,015 [AWT-EventQueue-0] INFO  marytts.PStream Gradient GV optimization for feature: (27)  number of iterations=13
2016-10-29 15:04:23,020 [AWT-EventQueue-0] INFO  marytts.PStream Gradient GV optimization for feature: (28)  number of iterations=10
2016-10-29 15:04:23,028 [AWT-EventQueue-0] INFO  marytts.PStream Gradient GV optimization for feature: (29)  number of iterations=15
2016-10-29 15:04:23,034 [AWT-EventQueue-0] INFO  marytts.PStream Gradient GV optimization for feature: (30)  number of iterations=11
2016-10-29 15:04:23,041 [AWT-EventQueue-0] INFO  marytts.PStream Gradient GV optimization for feature: (31)  number of iterations=13
2016-10-29 15:04:23,046 [AWT-EventQueue-0] INFO  marytts.PStream Gradient GV optimization for feature: (32)  number of iterations=8
2016-10-29 15:04:23,053 [AWT-EventQueue-0] INFO  marytts.PStream Gradient GV optimization for feature: (33)  number of iterations=8
2016-10-29 15:04:23,062 [AWT-EventQueue-0] INFO  marytts.PStream Gradient GV optimization for feature: (34)  number of iterations=10
2016-10-29 15:04:23,063 [AWT-EventQueue-0] INFO  marytts.ParameterGeneration Using f0 from maryXML acoustparams
2016-10-29 15:04:23,068 [AWT-EventQueue-0] INFO  marytts.PStream Context-dependent global variance optimization: gvLength = 1569
2016-10-29 15:04:23,113 [AWT-EventQueue-0] INFO  marytts.PStream Gradient GV optimization for feature: (0)  number of iterations=54
2016-10-29 15:04:23,117 [AWT-EventQueue-0] INFO  marytts.PStream Gradient GV optimization for feature: (1)  number of iterations=6
2016-10-29 15:04:23,136 [AWT-EventQueue-0] INFO  marytts.PStream Gradient GV optimization for feature: (2)  number of iterations=22
2016-10-29 15:04:23,142 [AWT-EventQueue-0] INFO  marytts.PStream Gradient GV optimization for feature: (3)  number of iterations=4
2016-10-29 15:04:23,151 [AWT-EventQueue-0] INFO  marytts.PStream Gradient GV optimization for feature: (4)  number of iterations=9
2016-10-29 15:04:23,153 [AWT-EventQueue-0] INFO  marytts.HMMSynthesizer Synthesizing one sentence.
2016-10-29 15:04:23,156 [AWT-EventQueue-0] INFO  marytts.HTSEngine Using prosody from acoustparams.
2016-10-29 15:04:23,165 [AWT-EventQueue-0] INFO  marytts.HTSEngine Number of models in sentence numModel=110  Total number of states numState=550
2016-10-29 15:04:23,165 [AWT-EventQueue-0] INFO  marytts.HTSEngine Total number of frames=1840  Number of voiced frames=1041
2016-10-29 15:04:23,182 [AWT-EventQueue-0] INFO  marytts.ParameterGeneration Parameter generation for MGC: 
2016-10-29 15:04:23,182 [AWT-EventQueue-0] INFO  marytts.PStream Context-dependent global variance optimization: gvLength = 1682
2016-10-29 15:04:23,196 [AWT-EventQueue-0] INFO  marytts.PStream Gradient GV optimization for feature: (0)  number of iterations=76
2016-10-29 15:04:23,199 [AWT-EventQueue-0] INFO  marytts.PStream Gradient GV optimization for feature: (1)  number of iterations=23
2016-10-29 15:04:23,201 [AWT-EventQueue-0] INFO  marytts.PStream Gradient GV optimization for feature: (2)  number of iterations=2
2016-10-29 15:04:23,203 [AWT-EventQueue-0] INFO  marytts.PStream Gradient GV optimization for feature: (3)  number of iterations=5
2016-10-29 15:04:23,206 [AWT-EventQueue-0] INFO  marytts.PStream Gradient GV optimization for feature: (4)  number of iterations=5
2016-10-29 15:04:23,209 [AWT-EventQueue-0] INFO  marytts.PStream Gradient GV optimization for feature: (5)  number of iterations=6
2016-10-29 15:04:23,213 [AWT-EventQueue-0] INFO  marytts.PStream Gradient GV optimization for feature: (6)  number of iterations=22
2016-10-29 15:04:23,218 [AWT-EventQueue-0] INFO  marytts.PStream Gradient GV optimization for feature: (7)  number of iterations=21
2016-10-29 15:04:23,222 [AWT-EventQueue-0] INFO  marytts.PStream Gradient GV optimization for feature: (8)  number of iterations=19
2016-10-29 15:04:23,226 [AWT-EventQueue-0] INFO  marytts.PStream Gradient GV optimization for feature: (9)  number of iterations=19
2016-10-29 15:04:23,231 [AWT-EventQueue-0] INFO  marytts.PStream Gradient GV optimization for feature: (10)  number of iterations=20
2016-10-29 15:04:23,236 [AWT-EventQueue-0] INFO  marytts.PStream Gradient GV optimization for feature: (11)  number of iterations=17
2016-10-29 15:04:23,240 [AWT-EventQueue-0] INFO  marytts.PStream Gradient GV optimization for feature: (12)  number of iterations=18
2016-10-29 15:04:23,245 [AWT-EventQueue-0] INFO  marytts.PStream Gradient GV optimization for feature: (13)  number of iterations=31
2016-10-29 15:04:23,252 [AWT-EventQueue-0] INFO  marytts.PStream Gradient GV optimization for feature: (14)  number of iterations=19
2016-10-29 15:04:23,257 [AWT-EventQueue-0] INFO  marytts.PStream Gradient GV optimization for feature: (15)  number of iterations=23
2016-10-29 15:04:23,262 [AWT-EventQueue-0] INFO  marytts.PStream Gradient GV optimization for feature: (16)  number of iterations=19
2016-10-29 15:04:23,267 [AWT-EventQueue-0] INFO  marytts.PStream Gradient GV optimization for feature: (17)  number of iterations=18
2016-10-29 15:04:23,272 [AWT-EventQueue-0] INFO  marytts.PStream Gradient GV optimization for feature: (18)  number of iterations=23
2016-10-29 15:04:23,277 [AWT-EventQueue-0] INFO  marytts.PStream Gradient GV optimization for feature: (19)  number of iterations=22
2016-10-29 15:04:23,282 [AWT-EventQueue-0] INFO  marytts.PStream Gradient GV optimization for feature: (20)  number of iterations=16
2016-10-29 15:04:23,287 [AWT-EventQueue-0] INFO  marytts.PStream Gradient GV optimization for feature: (21)  number of iterations=17
2016-10-29 15:04:23,291 [AWT-EventQueue-0] INFO  marytts.PStream Gradient GV optimization for feature: (22)  number of iterations=20
2016-10-29 15:04:23,293 [AWT-EventQueue-0] INFO  marytts.PStream Gradient GV optimization for feature: (23)  number of iterations=18
2016-10-29 15:04:23,295 [AWT-EventQueue-0] INFO  marytts.PStream Gradient GV optimization for feature: (24)  number of iterations=9
2016-10-29 15:04:23,297 [AWT-EventQueue-0] INFO  marytts.PStream Gradient GV optimization for feature: (25)  number of iterations=12
2016-10-29 15:04:23,300 [AWT-EventQueue-0] INFO  marytts.PStream Gradient GV optimization for feature: (26)  number of iterations=11
2016-10-29 15:04:23,302 [AWT-EventQueue-0] INFO  marytts.PStream Gradient GV optimization for feature: (27)  number of iterations=12
2016-10-29 15:04:23,305 [AWT-EventQueue-0] INFO  marytts.PStream Gradient GV optimization for feature: (28)  number of iterations=14
2016-10-29 15:04:23,308 [AWT-EventQueue-0] INFO  marytts.PStream Gradient GV optimization for feature: (29)  number of iterations=14
2016-10-29 15:04:23,310 [AWT-EventQueue-0] INFO  marytts.PStream Gradient GV optimization for feature: (30)  number of iterations=13
2016-10-29 15:04:23,311 [AWT-EventQueue-0] INFO  marytts.PStream Gradient GV optimization for feature: (31)  number of iterations=12
2016-10-29 15:04:23,313 [AWT-EventQueue-0] INFO  marytts.PStream Gradient GV optimization for feature: (32)  number of iterations=6
2016-10-29 15:04:23,315 [AWT-EventQueue-0] INFO  marytts.PStream Gradient GV optimization for feature: (33)  number of iterations=14
2016-10-29 15:04:23,316 [AWT-EventQueue-0] INFO  marytts.PStream Gradient GV optimization for feature: (34)  number of iterations=14
2016-10-29 15:04:23,316 [AWT-EventQueue-0] INFO  marytts.ParameterGeneration Using f0 from maryXML acoustparams
2016-10-29 15:04:23,322 [AWT-EventQueue-0] INFO  marytts.PStream Context-dependent global variance optimization: gvLength = 1682
2016-10-29 15:04:23,326 [AWT-EventQueue-0] INFO  marytts.PStream Gradient GV optimization for feature: (0)  number of iterations=20
2016-10-29 15:04:23,328 [AWT-EventQueue-0] INFO  marytts.PStream Gradient GV optimization for feature: (1)  number of iterations=6
2016-10-29 15:04:23,330 [AWT-EventQueue-0] INFO  marytts.PStream Gradient GV optimization for feature: (2)  number of iterations=11
2016-10-29 15:04:23,331 [AWT-EventQueue-0] INFO  marytts.PStream Gradient GV optimization for feature: (3)  number of iterations=4
2016-10-29 15:04:23,334 [AWT-EventQueue-0] INFO  marytts.PStream Gradient GV optimization for feature: (4)  number of iterations=9
2016-10-29 15:04:23,337 [AWT-EventQueue-0] INFO  marytts.HMMSynthesizer Synthesizing one sentence.
2016-10-29 15:04:23,341 [AWT-EventQueue-0] INFO  marytts.HTSEngine Using prosody from acoustparams.
2016-10-29 15:04:23,358 [AWT-EventQueue-0] INFO  marytts.HTSEngine Number of models in sentence numModel=188  Total number of states numState=940
2016-10-29 15:04:23,358 [AWT-EventQueue-0] INFO  marytts.HTSEngine Total number of frames=3210  Number of voiced frames=2094
2016-10-29 15:04:23,387 [AWT-EventQueue-0] INFO  marytts.ParameterGeneration Parameter generation for MGC: 
2016-10-29 15:04:23,387 [AWT-EventQueue-0] INFO  marytts.PStream Context-dependent global variance optimization: gvLength = 2893
2016-10-29 15:04:23,405 [AWT-EventQueue-0] INFO  marytts.PStream Gradient GV optimization for feature: (0)  number of iterations=60
2016-10-29 15:04:23,409 [AWT-EventQueue-0] INFO  marytts.PStream Gradient GV optimization for feature: (1)  number of iterations=2
2016-10-29 15:04:23,413 [AWT-EventQueue-0] INFO  marytts.PStream Gradient GV optimization for feature: (2)  number of iterations=6
2016-10-29 15:04:23,419 [AWT-EventQueue-0] INFO  marytts.PStream Gradient GV optimization for feature: (3)  number of iterations=22
2016-10-29 15:04:23,426 [AWT-EventQueue-0] INFO  marytts.PStream Gradient GV optimization for feature: (4)  number of iterations=23
2016-10-29 15:04:23,430 [AWT-EventQueue-0] INFO  marytts.PStream Gradient GV optimization for feature: (5)  number of iterations=6
2016-10-29 15:04:23,433 [AWT-EventQueue-0] INFO  marytts.PStream Gradient GV optimization for feature: (6)  number of iterations=3
2016-10-29 15:04:23,440 [AWT-EventQueue-0] INFO  marytts.PStream Gradient GV optimization for feature: (7)  number of iterations=21
2016-10-29 15:04:23,446 [AWT-EventQueue-0] INFO  marytts.PStream Gradient GV optimization for feature: (8)  number of iterations=19
2016-10-29 15:04:23,452 [AWT-EventQueue-0] INFO  marytts.PStream Gradient GV optimization for feature: (9)  number of iterations=21
2016-10-29 15:04:23,460 [AWT-EventQueue-0] INFO  marytts.PStream Gradient GV optimization for feature: (10)  number of iterations=18
2016-10-29 15:04:23,467 [AWT-EventQueue-0] INFO  marytts.PStream Gradient GV optimization for feature: (11)  number of iterations=18
2016-10-29 15:04:23,474 [AWT-EventQueue-0] INFO  marytts.PStream Gradient GV optimization for feature: (12)  number of iterations=17
2016-10-29 15:04:23,482 [AWT-EventQueue-0] INFO  marytts.PStream Gradient GV optimization for feature: (13)  number of iterations=25
2016-10-29 15:04:23,490 [AWT-EventQueue-0] INFO  marytts.PStream Gradient GV optimization for feature: (14)  number of iterations=30
2016-10-29 15:04:23,498 [AWT-EventQueue-0] INFO  marytts.PStream Gradient GV optimization for feature: (15)  number of iterations=30
2016-10-29 15:04:23,505 [AWT-EventQueue-0] INFO  marytts.PStream Gradient GV optimization for feature: (16)  number of iterations=20
2016-10-29 15:04:23,512 [AWT-EventQueue-0] INFO  marytts.PStream Gradient GV optimization for feature: (17)  number of iterations=20
2016-10-29 15:04:23,519 [AWT-EventQueue-0] INFO  marytts.PStream Gradient GV optimization for feature: (18)  number of iterations=23
2016-10-29 15:04:23,529 [AWT-EventQueue-0] INFO  marytts.PStream Gradient GV optimization for feature: (19)  number of iterations=28
2016-10-29 15:04:23,535 [AWT-EventQueue-0] INFO  marytts.PStream Gradient GV optimization for feature: (20)  number of iterations=18
2016-10-29 15:04:23,543 [AWT-EventQueue-0] INFO  marytts.PStream Gradient GV optimization for feature: (21)  number of iterations=17
2016-10-29 15:04:23,550 [AWT-EventQueue-0] INFO  marytts.PStream Gradient GV optimization for feature: (22)  number of iterations=20
2016-10-29 15:04:23,557 [AWT-EventQueue-0] INFO  marytts.PStream Gradient GV optimization for feature: (23)  number of iterations=22
2016-10-29 15:04:23,564 [AWT-EventQueue-0] INFO  marytts.PStream Gradient GV optimization for feature: (24)  number of iterations=16
2016-10-29 15:04:23,570 [AWT-EventQueue-0] INFO  marytts.PStream Gradient GV optimization for feature: (25)  number of iterations=12
2016-10-29 15:04:23,575 [AWT-EventQueue-0] INFO  marytts.PStream Gradient GV optimization for feature: (26)  number of iterations=12
2016-10-29 15:04:23,628 [AWT-EventQueue-0] INFO  marytts.PStream Gradient GV optimization for feature: (27)  number of iterations=15
2016-10-29 15:04:23,634 [AWT-EventQueue-0] INFO  marytts.PStream Gradient GV optimization for feature: (28)  number of iterations=14
2016-10-29 15:04:23,640 [AWT-EventQueue-0] INFO  marytts.PStream Gradient GV optimization for feature: (29)  number of iterations=14
2016-10-29 15:04:23,645 [AWT-EventQueue-0] INFO  marytts.PStream Gradient GV optimization for feature: (30)  number of iterations=13
2016-10-29 15:04:23,650 [AWT-EventQueue-0] INFO  marytts.PStream Gradient GV optimization for feature: (31)  number of iterations=13
2016-10-29 15:04:23,654 [AWT-EventQueue-0] INFO  marytts.PStream Gradient GV optimization for feature: (32)  number of iterations=8
2016-10-29 15:04:23,659 [AWT-EventQueue-0] INFO  marytts.PStream Gradient GV optimization for feature: (33)  number of iterations=10
2016-10-29 15:04:23,665 [AWT-EventQueue-0] INFO  marytts.PStream Gradient GV optimization for feature: (34)  number of iterations=14
2016-10-29 15:04:23,665 [AWT-EventQueue-0] INFO  marytts.ParameterGeneration Using f0 from maryXML acoustparams
2016-10-29 15:04:23,671 [AWT-EventQueue-0] INFO  marytts.PStream Context-dependent global variance optimization: gvLength = 2893
2016-10-29 15:04:23,684 [AWT-EventQueue-0] INFO  marytts.PStream Gradient GV optimization for feature: (0)  number of iterations=76
2016-10-29 15:04:23,690 [AWT-EventQueue-0] INFO  marytts.PStream Gradient GV optimization for feature: (1)  number of iterations=21
2016-10-29 15:04:23,696 [AWT-EventQueue-0] INFO  marytts.PStream Gradient GV optimization for feature: (2)  number of iterations=22
2016-10-29 15:04:23,698 [AWT-EventQueue-0] INFO  marytts.PStream Gradient GV optimization for feature: (3)  number of iterations=4
2016-10-29 15:04:23,701 [AWT-EventQueue-0] INFO  marytts.PStream Gradient GV optimization for feature: (4)  number of iterations=16
2016-10-29 15:04:23,702 [AWT-EventQueue-0] INFO  marytts.HMMSynthesizer Synthesizing one sentence.
2016-10-29 15:04:23,711 [AWT-EventQueue-0] INFO  marytts.HTSEngine Using prosody from acoustparams.
2016-10-29 15:04:23,714 [AWT-EventQueue-0] INFO  marytts.HTSEngine Number of models in sentence numModel=61  Total number of states numState=305
2016-10-29 15:04:23,714 [AWT-EventQueue-0] INFO  marytts.HTSEngine Total number of frames=1144  Number of voiced frames=684
2016-10-29 15:04:23,718 [AWT-EventQueue-0] INFO  marytts.ParameterGeneration Parameter generation for MGC: 
2016-10-29 15:04:23,718 [AWT-EventQueue-0] INFO  marytts.PStream Context-dependent global variance optimization: gvLength = 984
2016-10-29 15:04:23,727 [AWT-EventQueue-0] INFO  marytts.PStream Gradient GV optimization for feature: (0)  number of iterations=87
2016-10-29 15:04:23,729 [AWT-EventQueue-0] INFO  marytts.PStream Gradient GV optimization for feature: (1)  number of iterations=2
2016-10-29 15:04:23,730 [AWT-EventQueue-0] INFO  marytts.PStream Gradient GV optimization for feature: (2)  number of iterations=2
2016-10-29 15:04:23,731 [AWT-EventQueue-0] INFO  marytts.PStream Gradient GV optimization for feature: (3)  number of iterations=6
2016-10-29 15:04:23,732 [AWT-EventQueue-0] INFO  marytts.PStream Gradient GV optimization for feature: (4)  number of iterations=23
2016-10-29 15:04:23,734 [AWT-EventQueue-0] INFO  marytts.PStream Gradient GV optimization for feature: (5)  number of iterations=25
2016-10-29 15:04:23,735 [AWT-EventQueue-0] INFO  marytts.PStream Gradient GV optimization for feature: (6)  number of iterations=3
2016-10-29 15:04:23,736 [AWT-EventQueue-0] INFO  marytts.PStream Gradient GV optimization for feature: (7)  number of iterations=6
2016-10-29 15:04:23,738 [AWT-EventQueue-0] INFO  marytts.PStream Gradient GV optimization for feature: (8)  number of iterations=19
2016-10-29 15:04:23,739 [AWT-EventQueue-0] INFO  marytts.PStream Gradient GV optimization for feature: (9)  number of iterations=18
2016-10-29 15:04:23,741 [AWT-EventQueue-0] INFO  marytts.PStream Gradient GV optimization for feature: (10)  number of iterations=18
2016-10-29 15:04:23,743 [AWT-EventQueue-0] INFO  marytts.PStream Gradient GV optimization for feature: (11)  number of iterations=18
2016-10-29 15:04:23,745 [AWT-EventQueue-0] INFO  marytts.PStream Gradient GV optimization for feature: (12)  number of iterations=17
2016-10-29 15:04:23,747 [AWT-EventQueue-0] INFO  marytts.PStream Gradient GV optimization for feature: (13)  number of iterations=25
2016-10-29 15:04:23,749 [AWT-EventQueue-0] INFO  marytts.PStream Gradient GV optimization for feature: (14)  number of iterations=20
2016-10-29 15:04:23,750 [AWT-EventQueue-0] INFO  marytts.PStream Gradient GV optimization for feature: (15)  number of iterations=18
2016-10-29 15:04:23,751 [AWT-EventQueue-0] INFO  marytts.PStream Gradient GV optimization for feature: (16)  number of iterations=17
2016-10-29 15:04:23,753 [AWT-EventQueue-0] INFO  marytts.PStream Gradient GV optimization for feature: (17)  number of iterations=18
2016-10-29 15:04:23,755 [AWT-EventQueue-0] INFO  marytts.PStream Gradient GV optimization for feature: (18)  number of iterations=18
2016-10-29 15:04:23,756 [AWT-EventQueue-0] INFO  marytts.PStream Gradient GV optimization for feature: (19)  number of iterations=12
2016-10-29 15:04:23,757 [AWT-EventQueue-0] INFO  marytts.PStream Gradient GV optimization for feature: (20)  number of iterations=18
2016-10-29 15:04:23,759 [AWT-EventQueue-0] INFO  marytts.PStream Gradient GV optimization for feature: (21)  number of iterations=15
2016-10-29 15:04:23,762 [AWT-EventQueue-0] INFO  marytts.PStream Gradient GV optimization for feature: (22)  number of iterations=20
2016-10-29 15:04:23,764 [AWT-EventQueue-0] INFO  marytts.PStream Gradient GV optimization for feature: (23)  number of iterations=13
2016-10-29 15:04:23,765 [AWT-EventQueue-0] INFO  marytts.PStream Gradient GV optimization for feature: (24)  number of iterations=10
2016-10-29 15:04:23,767 [AWT-EventQueue-0] INFO  marytts.PStream Gradient GV optimization for feature: (25)  number of iterations=11
2016-10-29 15:04:23,768 [AWT-EventQueue-0] INFO  marytts.PStream Gradient GV optimization for feature: (26)  number of iterations=12
2016-10-29 15:04:23,770 [AWT-EventQueue-0] INFO  marytts.PStream Gradient GV optimization for feature: (27)  number of iterations=11
2016-10-29 15:04:23,771 [AWT-EventQueue-0] INFO  marytts.PStream Gradient GV optimization for feature: (28)  number of iterations=14
2016-10-29 15:04:23,774 [AWT-EventQueue-0] INFO  marytts.PStream Gradient GV optimization for feature: (29)  number of iterations=14
2016-10-29 15:04:23,775 [AWT-EventQueue-0] INFO  marytts.PStream Gradient GV optimization for feature: (30)  number of iterations=13
2016-10-29 15:04:23,777 [AWT-EventQueue-0] INFO  marytts.PStream Gradient GV optimization for feature: (31)  number of iterations=12
2016-10-29 15:04:23,779 [AWT-EventQueue-0] INFO  marytts.PStream Gradient GV optimization for feature: (32)  number of iterations=10
2016-10-29 15:04:23,779 [AWT-EventQueue-0] INFO  marytts.PStream Gradient GV optimization for feature: (33)  number of iterations=8
2016-10-29 15:04:23,780 [AWT-EventQueue-0] INFO  marytts.PStream Gradient GV optimization for feature: (34)  number of iterations=12
2016-10-29 15:04:23,781 [AWT-EventQueue-0] INFO  marytts.ParameterGeneration Using f0 from maryXML acoustparams
2016-10-29 15:04:23,782 [AWT-EventQueue-0] INFO  marytts.PStream Context-dependent global variance optimization: gvLength = 984
2016-10-29 15:04:23,784 [AWT-EventQueue-0] INFO  marytts.PStream Gradient GV optimization for feature: (0)  number of iterations=20
2016-10-29 15:04:23,786 [AWT-EventQueue-0] INFO  marytts.PStream Gradient GV optimization for feature: (1)  number of iterations=20
2016-10-29 15:04:23,787 [AWT-EventQueue-0] INFO  marytts.PStream Gradient GV optimization for feature: (2)  number of iterations=3
2016-10-29 15:04:23,787 [AWT-EventQueue-0] INFO  marytts.PStream Gradient GV optimization for feature: (3)  number of iterations=4
2016-10-29 15:04:23,788 [AWT-EventQueue-0] INFO  marytts.PStream Gradient GV optimization for feature: (4)  number of iterations=6
2016-10-29 15:04:23,790 [AWT-EventQueue-0] INFO  marytts.R 1 Request processed in 2029 ms.
2016-10-29 15:04:23,790 [AWT-EventQueue-0] INFO  marytts.R 1    TextToMaryXML took 1 ms
2016-10-29 15:04:23,790 [AWT-EventQueue-0] INFO  marytts.R 1    JTokeniser took 14 ms
2016-10-29 15:04:23,790 [AWT-EventQueue-0] INFO  marytts.R 1    Preprocess took 55 ms
2016-10-29 15:04:23,790 [AWT-EventQueue-0] INFO  marytts.R 1    OpenNLPPosTagger took 37 ms
2016-10-29 15:04:23,790 [AWT-EventQueue-0] INFO  marytts.R 1    JPhonemiser took 36 ms
2016-10-29 15:04:23,790 [AWT-EventQueue-0] INFO  marytts.R 1    Prosody took 74 ms
2016-10-29 15:04:23,790 [AWT-EventQueue-0] INFO  marytts.R 1    PronunciationModel took 16 ms
2016-10-29 15:04:23,790 [AWT-EventQueue-0] INFO  marytts.R 1    AcousticModeller took 496 ms
2016-10-29 15:04:23,790 [AWT-EventQueue-0] INFO  marytts.R 1    Synthesis took 1298 ms
2016-10-29 15:04:36,349 [AWT-EventQueue-0] INFO  marytts.R 1 New request (input type "TEXT", output type "AUDIO", voice "cmu-slt-hsmm", audio "WAVE")
2016-10-29 15:04:36,350 [AWT-EventQueue-0] INFO  marytts.R 1 Handling request using the following modules:
2016-10-29 15:04:36,350 [AWT-EventQueue-0] INFO  marytts.R 1 - TextToMaryXML (marytts.modules.TextToMaryXML)
2016-10-29 15:04:36,350 [AWT-EventQueue-0] INFO  marytts.R 1 Next module: TextToMaryXML
2016-10-29 15:04:36,351 [AWT-EventQueue-0] INFO  marytts.R 1 Handling request using the following modules:
2016-10-29 15:04:36,351 [AWT-EventQueue-0] INFO  marytts.R 1 - JTokeniser (marytts.language.en.JTokeniser)
2016-10-29 15:04:36,351 [AWT-EventQueue-0] INFO  marytts.R 1 - Preprocess (marytts.language.en.Preprocess)
2016-10-29 15:04:36,351 [AWT-EventQueue-0] INFO  marytts.R 1 - OpenNLPPosTagger (marytts.modules.OpenNLPPosTagger)
2016-10-29 15:04:36,351 [AWT-EventQueue-0] INFO  marytts.R 1 - JPhonemiser (marytts.modules.JPhonemiser)
2016-10-29 15:04:36,351 [AWT-EventQueue-0] INFO  marytts.R 1 - Prosody (marytts.language.en.Prosody)
2016-10-29 15:04:36,351 [AWT-EventQueue-0] INFO  marytts.R 1 - PronunciationModel (marytts.language.en.PronunciationModel)
2016-10-29 15:04:36,351 [AWT-EventQueue-0] INFO  marytts.R 1 - AcousticModeller (marytts.modules.AcousticModeller)
2016-10-29 15:04:36,351 [AWT-EventQueue-0] INFO  marytts.R 1 - Synthesis (marytts.modules.Synthesis)
2016-10-29 15:04:36,352 [AWT-EventQueue-0] INFO  marytts.R 1 Next module: JTokeniser
2016-10-29 15:04:36,354 [AWT-EventQueue-0] INFO  marytts.R 1 Next module: Preprocess
2016-10-29 15:04:36,363 [AWT-EventQueue-0] INFO  marytts.R 1 Next module: OpenNLPPosTagger
2016-10-29 15:04:36,372 [AWT-EventQueue-0] INFO  marytts.R 1 Next module: JPhonemiser
2016-10-29 15:04:36,379 [AWT-EventQueue-0] INFO  marytts.R 1 Next module: Prosody
2016-10-29 15:04:36,388 [AWT-EventQueue-0] INFO  marytts.R 1 Next module: PronunciationModel
2016-10-29 15:04:36,392 [AWT-EventQueue-0] INFO  marytts.R 1 Next module: AcousticModeller
2016-10-29 15:04:36,458 [AWT-EventQueue-0] INFO  marytts.ParameterGeneration Parameter generation for LF0: 
2016-10-29 15:04:36,458 [AWT-EventQueue-0] INFO  marytts.PStream Context-dependent global variance optimization: gvLength = 1965
2016-10-29 15:04:36,463 [AWT-EventQueue-0] INFO  marytts.PStream Gradient GV optimization for feature: (0)  number of iterations=35
2016-10-29 15:04:36,477 [AWT-EventQueue-0] INFO  marytts.R 1 Next module: Synthesis
2016-10-29 15:04:36,477 [AWT-EventQueue-0] INFO  marytts.HMMSynthesizer Synthesizing one sentence.
2016-10-29 15:04:36,478 [AWT-EventQueue-0] INFO  marytts.HTSEngine Using prosody from acoustparams.
2016-10-29 15:04:36,478 [AWT-EventQueue-0] INFO  marytts.HTSEngine Number of models in sentence numModel=5  Total number of states numState=25
2016-10-29 15:04:36,478 [AWT-EventQueue-0] INFO  marytts.HTSEngine Total number of frames=181  Number of voiced frames=72
2016-10-29 15:04:36,479 [AWT-EventQueue-0] INFO  marytts.ParameterGeneration Parameter generation for MGC: 
2016-10-29 15:04:36,479 [AWT-EventQueue-0] INFO  marytts.PStream Context-dependent global variance optimization: gvLength = 101
2016-10-29 15:04:36,480 [AWT-EventQueue-0] INFO  marytts.PStream    optimization stopped by reaching max number of iterations (no global variance applied)
2016-10-29 15:04:36,480 [AWT-EventQueue-0] INFO  marytts.PStream Gradient GV optimization for feature: (0)  number of iterations=101
2016-10-29 15:04:36,481 [AWT-EventQueue-0] INFO  marytts.PStream Gradient GV optimization for feature: (1)  number of iterations=22
2016-10-29 15:04:36,481 [AWT-EventQueue-0] INFO  marytts.PStream Gradient GV optimization for feature: (2)  number of iterations=3
2016-10-29 15:04:36,481 [AWT-EventQueue-0] INFO  marytts.PStream Gradient GV optimization for feature: (3)  number of iterations=1
2016-10-29 15:04:36,481 [AWT-EventQueue-0] INFO  marytts.PStream Gradient GV optimization for feature: (4)  number of iterations=10
2016-10-29 15:04:36,482 [AWT-EventQueue-0] INFO  marytts.PStream Gradient GV optimization for feature: (5)  number of iterations=7
2016-10-29 15:04:36,482 [AWT-EventQueue-0] INFO  marytts.PStream Gradient GV optimization for feature: (6)  number of iterations=4
2016-10-29 15:04:36,482 [AWT-EventQueue-0] INFO  marytts.PStream Gradient GV optimization for feature: (7)  number of iterations=3
2016-10-29 15:04:36,482 [AWT-EventQueue-0] INFO  marytts.PStream Gradient GV optimization for feature: (8)  number of iterations=2
2016-10-29 15:04:36,483 [AWT-EventQueue-0] INFO  marytts.PStream Gradient GV optimization for feature: (9)  number of iterations=18
2016-10-29 15:04:36,483 [AWT-EventQueue-0] INFO  marytts.PStream Gradient GV optimization for feature: (10)  number of iterations=7
2016-10-29 15:04:36,483 [AWT-EventQueue-0] INFO  marytts.PStream Gradient GV optimization for feature: (11)  number of iterations=4
2016-10-29 15:04:36,484 [AWT-EventQueue-0] INFO  marytts.PStream Gradient GV optimization for feature: (12)  number of iterations=13
2016-10-29 15:04:36,484 [AWT-EventQueue-0] INFO  marytts.PStream Gradient GV optimization for feature: (13)  number of iterations=12
2016-10-29 15:04:36,485 [AWT-EventQueue-0] INFO  marytts.PStream Gradient GV optimization for feature: (14)  number of iterations=16
2016-10-29 15:04:36,485 [AWT-EventQueue-0] INFO  marytts.PStream Gradient GV optimization for feature: (15)  number of iterations=15
2016-10-29 15:04:36,485 [AWT-EventQueue-0] INFO  marytts.PStream Gradient GV optimization for feature: (16)  number of iterations=13
2016-10-29 15:04:36,486 [AWT-EventQueue-0] INFO  marytts.PStream Gradient GV optimization for feature: (17)  number of iterations=2
2016-10-29 15:04:36,486 [AWT-EventQueue-0] INFO  marytts.PStream Gradient GV optimization for feature: (18)  number of iterations=13
2016-10-29 15:04:36,486 [AWT-EventQueue-0] INFO  marytts.PStream Gradient GV optimization for feature: (19)  number of iterations=12
2016-10-29 15:04:36,487 [AWT-EventQueue-0] INFO  marytts.PStream Gradient GV optimization for feature: (20)  number of iterations=2
2016-10-29 15:04:36,487 [AWT-EventQueue-0] INFO  marytts.PStream Gradient GV optimization for feature: (21)  number of iterations=2
2016-10-29 15:04:36,487 [AWT-EventQueue-0] INFO  marytts.PStream Gradient GV optimization for feature: (22)  number of iterations=9
2016-10-29 15:04:36,487 [AWT-EventQueue-0] INFO  marytts.PStream Gradient GV optimization for feature: (23)  number of iterations=2
2016-10-29 15:04:36,488 [AWT-EventQueue-0] INFO  marytts.PStream Gradient GV optimization for feature: (24)  number of iterations=10
2016-10-29 15:04:36,488 [AWT-EventQueue-0] INFO  marytts.PStream Gradient GV optimization for feature: (25)  number of iterations=3
2016-10-29 15:04:36,489 [AWT-EventQueue-0] INFO  marytts.PStream Gradient GV optimization for feature: (26)  number of iterations=14
2016-10-29 15:04:36,489 [AWT-EventQueue-0] INFO  marytts.PStream Gradient GV optimization for feature: (27)  number of iterations=2
2016-10-29 15:04:36,489 [AWT-EventQueue-0] INFO  marytts.PStream Gradient GV optimization for feature: (28)  number of iterations=8
2016-10-29 15:04:36,490 [AWT-EventQueue-0] INFO  marytts.PStream Gradient GV optimization for feature: (29)  number of iterations=7
2016-10-29 15:04:36,490 [AWT-EventQueue-0] INFO  marytts.PStream Gradient GV optimization for feature: (30)  number of iterations=3
2016-10-29 15:04:36,490 [AWT-EventQueue-0] INFO  marytts.PStream Gradient GV optimization for feature: (31)  number of iterations=2
2016-10-29 15:04:36,491 [AWT-EventQueue-0] INFO  marytts.PStream Gradient GV optimization for feature: (32)  number of iterations=2
2016-10-29 15:04:36,492 [AWT-EventQueue-0] INFO  marytts.PStream Gradient GV optimization for feature: (33)  number of iterations=6
2016-10-29 15:04:36,492 [AWT-EventQueue-0] INFO  marytts.PStream Gradient GV optimization for feature: (34)  number of iterations=14
2016-10-29 15:04:36,492 [AWT-EventQueue-0] INFO  marytts.ParameterGeneration Using f0 from maryXML acoustparams
2016-10-29 15:04:36,492 [AWT-EventQueue-0] INFO  marytts.PStream Context-dependent global variance optimization: gvLength = 101
2016-10-29 15:04:36,493 [AWT-EventQueue-0] INFO  marytts.PStream Gradient GV optimization for feature: (0)  number of iterations=42
2016-10-29 15:04:36,493 [AWT-EventQueue-0] INFO  marytts.PStream Gradient GV optimization for feature: (1)  number of iterations=12
2016-10-29 15:04:36,493 [AWT-EventQueue-0] INFO  marytts.PStream Gradient GV optimization for feature: (2)  number of iterations=6
2016-10-29 15:04:36,494 [AWT-EventQueue-0] INFO  marytts.PStream Gradient GV optimization for feature: (3)  number of iterations=3
2016-10-29 15:04:36,494 [AWT-EventQueue-0] INFO  marytts.PStream Gradient GV optimization for feature: (4)  number of iterations=3
2016-10-29 15:04:36,495 [AWT-EventQueue-0] INFO  marytts.HMMSynthesizer Synthesizing one sentence.
2016-10-29 15:04:36,497 [AWT-EventQueue-0] INFO  marytts.HTSEngine Using prosody from acoustparams.
2016-10-29 15:04:36,501 [AWT-EventQueue-0] INFO  marytts.HTSEngine Number of models in sentence numModel=157  Total number of states numState=785
2016-10-29 15:04:36,502 [AWT-EventQueue-0] INFO  marytts.HTSEngine Total number of frames=3517  Number of voiced frames=1895
2016-10-29 15:04:36,512 [AWT-EventQueue-0] INFO  marytts.ParameterGeneration Parameter generation for MGC: 
2016-10-29 15:04:36,512 [AWT-EventQueue-0] INFO  marytts.PStream Context-dependent global variance optimization: gvLength = 2955
2016-10-29 15:04:36,528 [AWT-EventQueue-0] INFO  marytts.PStream Gradient GV optimization for feature: (0)  number of iterations=42
2016-10-29 15:04:36,532 [AWT-EventQueue-0] INFO  marytts.PStream Gradient GV optimization for feature: (1)  number of iterations=2
2016-10-29 15:04:36,537 [AWT-EventQueue-0] INFO  marytts.PStream Gradient GV optimization for feature: (2)  number of iterations=3
2016-10-29 15:04:36,546 [AWT-EventQueue-0] INFO  marytts.PStream Gradient GV optimization for feature: (3)  number of iterations=22
2016-10-29 15:04:36,550 [AWT-EventQueue-0] INFO  marytts.PStream Gradient GV optimization for feature: (4)  number of iterations=2
2016-10-29 15:04:36,555 [AWT-EventQueue-0] INFO  marytts.PStream Gradient GV optimization for feature: (5)  number of iterations=6
2016-10-29 15:04:36,561 [AWT-EventQueue-0] INFO  marytts.PStream Gradient GV optimization for feature: (6)  number of iterations=6
2016-10-29 15:04:36,571 [AWT-EventQueue-0] INFO  marytts.PStream Gradient GV optimization for feature: (7)  number of iterations=21
2016-10-29 15:04:36,580 [AWT-EventQueue-0] INFO  marytts.PStream Gradient GV optimization for feature: (8)  number of iterations=21
2016-10-29 15:04:36,588 [AWT-EventQueue-0] INFO  marytts.PStream Gradient GV optimization for feature: (9)  number of iterations=19
2016-10-29 15:04:36,596 [AWT-EventQueue-0] INFO  marytts.PStream Gradient GV optimization for feature: (10)  number of iterations=18
2016-10-29 15:04:36,670 [AWT-EventQueue-0] INFO  marytts.PStream Gradient GV optimization for feature: (11)  number of iterations=18
2016-10-29 15:04:36,680 [AWT-EventQueue-0] INFO  marytts.PStream Gradient GV optimization for feature: (12)  number of iterations=17
2016-10-29 15:04:36,692 [AWT-EventQueue-0] INFO  marytts.PStream Gradient GV optimization for feature: (13)  number of iterations=23
2016-10-29 15:04:36,700 [AWT-EventQueue-0] INFO  marytts.PStream Gradient GV optimization for feature: (14)  number of iterations=19
2016-10-29 15:04:36,710 [AWT-EventQueue-0] INFO  marytts.PStream Gradient GV optimization for feature: (15)  number of iterations=16
2016-10-29 15:04:36,718 [AWT-EventQueue-0] INFO  marytts.PStream Gradient GV optimization for feature: (16)  number of iterations=19
2016-10-29 15:04:36,730 [AWT-EventQueue-0] INFO  marytts.PStream Gradient GV optimization for feature: (17)  number of iterations=23
2016-10-29 15:04:36,740 [AWT-EventQueue-0] INFO  marytts.PStream Gradient GV optimization for feature: (18)  number of iterations=19
2016-10-29 15:04:36,751 [AWT-EventQueue-0] INFO  marytts.PStream Gradient GV optimization for feature: (19)  number of iterations=24
2016-10-29 15:04:36,760 [AWT-EventQueue-0] INFO  marytts.PStream Gradient GV optimization for feature: (20)  number of iterations=16
2016-10-29 15:04:36,770 [AWT-EventQueue-0] INFO  marytts.PStream Gradient GV optimization for feature: (21)  number of iterations=18
2016-10-29 15:04:36,779 [AWT-EventQueue-0] INFO  marytts.PStream Gradient GV optimization for feature: (22)  number of iterations=21
2016-10-29 15:04:36,789 [AWT-EventQueue-0] INFO  marytts.PStream Gradient GV optimization for feature: (23)  number of iterations=18
2016-10-29 15:04:36,798 [AWT-EventQueue-0] INFO  marytts.PStream Gradient GV optimization for feature: (24)  number of iterations=11
2016-10-29 15:04:36,805 [AWT-EventQueue-0] INFO  marytts.PStream Gradient GV optimization for feature: (25)  number of iterations=12
2016-10-29 15:04:36,811 [AWT-EventQueue-0] INFO  marytts.PStream Gradient GV optimization for feature: (26)  number of iterations=10
2016-10-29 15:04:36,821 [AWT-EventQueue-0] INFO  marytts.PStream Gradient GV optimization for feature: (27)  number of iterations=15
2016-10-29 15:04:36,830 [AWT-EventQueue-0] INFO  marytts.PStream Gradient GV optimization for feature: (28)  number of iterations=14
2016-10-29 15:04:36,839 [AWT-EventQueue-0] INFO  marytts.PStream Gradient GV optimization for feature: (29)  number of iterations=14
2016-10-29 15:04:36,848 [AWT-EventQueue-0] INFO  marytts.PStream Gradient GV optimization for feature: (30)  number of iterations=12
2016-10-29 15:04:36,855 [AWT-EventQueue-0] INFO  marytts.PStream Gradient GV optimization for feature: (31)  number of iterations=13
2016-10-29 15:04:36,862 [AWT-EventQueue-0] INFO  marytts.PStream Gradient GV optimization for feature: (32)  number of iterations=8
2016-10-29 15:04:36,870 [AWT-EventQueue-0] INFO  marytts.PStream Gradient GV optimization for feature: (33)  number of iterations=8
2016-10-29 15:04:36,888 [AWT-EventQueue-0] INFO  marytts.PStream Gradient GV optimization for feature: (34)  number of iterations=29
2016-10-29 15:04:36,888 [AWT-EventQueue-0] INFO  marytts.ParameterGeneration Using f0 from maryXML acoustparams
2016-10-29 15:04:36,891 [AWT-EventQueue-0] INFO  marytts.PStream Context-dependent global variance optimization: gvLength = 2955
2016-10-29 15:04:36,898 [AWT-EventQueue-0] INFO  marytts.PStream Gradient GV optimization for feature: (0)  number of iterations=35
2016-10-29 15:04:36,901 [AWT-EventQueue-0] INFO  marytts.PStream Gradient GV optimization for feature: (1)  number of iterations=12
2016-10-29 15:04:36,904 [AWT-EventQueue-0] INFO  marytts.PStream Gradient GV optimization for feature: (2)  number of iterations=7
2016-10-29 15:04:36,910 [AWT-EventQueue-0] INFO  marytts.PStream Gradient GV optimization for feature: (3)  number of iterations=22
2016-10-29 15:04:36,915 [AWT-EventQueue-0] INFO  marytts.PStream Gradient GV optimization for feature: (4)  number of iterations=12
2016-10-29 15:04:36,916 [AWT-EventQueue-0] INFO  marytts.R 1 Request processed in 567 ms.
2016-10-29 15:04:36,916 [AWT-EventQueue-0] INFO  marytts.R 1    TextToMaryXML took 0 ms
2016-10-29 15:04:36,916 [AWT-EventQueue-0] INFO  marytts.R 1    JTokeniser took 2 ms
2016-10-29 15:04:36,916 [AWT-EventQueue-0] INFO  marytts.R 1    Preprocess took 9 ms
2016-10-29 15:04:36,916 [AWT-EventQueue-0] INFO  marytts.R 1    OpenNLPPosTagger took 9 ms
2016-10-29 15:04:36,916 [AWT-EventQueue-0] INFO  marytts.R 1    JPhonemiser took 7 ms
2016-10-29 15:04:36,916 [AWT-EventQueue-0] INFO  marytts.R 1    Prosody took 9 ms
2016-10-29 15:04:36,916 [AWT-EventQueue-0] INFO  marytts.R 1    PronunciationModel took 4 ms
2016-10-29 15:04:36,916 [AWT-EventQueue-0] INFO  marytts.R 1    AcousticModeller took 85 ms
2016-10-29 15:04:36,916 [AWT-EventQueue-0] INFO  marytts.R 1    Synthesis took 439 ms
2016-10-29 15:04:40,522 [Thread-1] INFO  marytts.main Shutting down modules...
2016-10-29 15:04:40,523 [Thread-1] INFO  marytts.Synthesis Module shut down.
2016-10-29 15:04:40,523 [Thread-1] INFO  marytts.TextToMaryXML Module shut down.
2016-10-29 15:04:40,523 [Thread-1] INFO  marytts.SableParser Module shut down.
2016-10-29 15:04:40,523 [Thread-1] INFO  marytts.SSMLParser Module shut down.
2016-10-29 15:04:40,523 [Thread-1] INFO  marytts.APMLParser Module shut down.
2016-10-29 15:04:40,523 [Thread-1] INFO  marytts.EmotionmlParser Module shut down.
2016-10-29 15:04:40,523 [Thread-1] INFO  marytts.JTokeniser Module shut down.
2016-10-29 15:04:40,523 [Thread-1] INFO  marytts.DummyTokens2Words Module shut down.
2016-10-29 15:04:40,523 [Thread-1] INFO  marytts.Prosody Module shut down.
2016-10-29 15:04:40,523 [Thread-1] INFO  marytts.PronunciationModel Module shut down.
2016-10-29 15:04:40,523 [Thread-1] INFO  marytts.TargetFeatureLister Module shut down.
2016-10-29 15:04:40,523 [Thread-1] INFO  marytts.TargetFeatureLister Module shut down.
2016-10-29 15:04:40,523 [Thread-1] INFO  marytts.AcousticModeller Module shut down.
2016-10-29 15:04:40,523 [Thread-1] INFO  marytts.Realised acoustparams extractor Module shut down.
2016-10-29 15:04:40,523 [Thread-1] INFO  marytts.Realised durations extractor Module shut down.
2016-10-29 15:04:40,523 [Thread-1] INFO  marytts.HTSEngine Module shut down.
2016-10-29 15:04:40,523 [Thread-1] INFO  marytts.Praat TextGrid generator Module shut down.
2016-10-29 15:04:40,523 [Thread-1] INFO  marytts.JTokeniser Module shut down.
2016-10-29 15:04:40,523 [Thread-1] INFO  marytts.Preprocess Module shut down.
2016-10-29 15:04:40,523 [Thread-1] INFO  marytts.JPhonemiser Module shut down.
2016-10-29 15:04:40,523 [Thread-1] INFO  marytts.JPhonemiser Module shut down.
2016-10-29 15:04:40,523 [Thread-1] INFO  marytts.Prosody Module shut down.
2016-10-29 15:04:40,523 [Thread-1] INFO  marytts.SimplePhoneme2AP Module shut down.
2016-10-29 15:04:40,523 [Thread-1] INFO  marytts.PronunciationModel Module shut down.
2016-10-29 15:04:40,523 [Thread-1] INFO  marytts.OpenNLPPosTagger Module shut down.
2016-10-29 15:04:40,525 [Thread-1] INFO  marytts.main Shutdown complete.
